2018-11-14 22:42:02.114  INFO 5500 --- [main] com.example.log.LogApplication           : Starting LogApplication on Win-1807201245 with PID 5500 (D:\javapro\log\target\classes started by Administrator in D:\javapro\log)
2018-11-14 22:42:02.114 DEBUG 5500 --- [main] com.example.log.LogApplication           : Running with Spring Boot v2.1.0.RELEASE, Spring v5.1.2.RELEASE
2018-11-14 22:42:02.114  INFO 5500 --- [main] com.example.log.LogApplication           : No active profile set, falling back to default profiles: default
2018-11-14 22:42:02.692  INFO 5500 --- [main] o.s.b.w.embedded.tomcat.TomcatWebServer  : Tomcat initialized with port(s): 8080 (http)
2018-11-14 22:42:02.708  INFO 5500 --- [main] o.apache.catalina.core.StandardService   : Starting service [Tomcat]
2018-11-14 22:42:02.708  INFO 5500 --- [main] org.apache.catalina.core.StandardEngine  : Starting Servlet Engine: Apache Tomcat/9.0.12
2018-11-14 22:42:02.708  INFO 5500 --- [main] o.a.catalina.core.AprLifecycleListener   : The APR based Apache Tomcat Native library which allows optimal performance in production environments was not found on the java.library.path: [D:\javajdk\bin;C:\Windows\Sun\Java\bin;C:\Windows\system32;C:\Windows;C:\Program Files (x86)\Common Files\Oracle\Java\javapath;C:\Windows\system32;C:\Windows;C:\Windows\System32\Wbem;C:\Windows\System32\WindowsPowerShell\v1.0\;C:\Windows\System32\OpenSSH\;C:\Program Files (x86)\NVIDIA Corporation\PhysX\Common;";D:\javajdk\bin;D:\javajdk\jre\bin;";D:\software\Git\cmd;D:\sourcefile\apache-maven-3.5.4\bin;D:\sourcefile\apache-maven-3.5.4\bin;D:\software\GO\bin;C:\Users\Administrator\AppData\Local\Microsoft\WindowsApps;E:\goprog\bin;.]
2018-11-14 22:42:02.770  INFO 5500 --- [main] o.a.c.c.C.[Tomcat].[localhost].[/]       : Initializing Spring embedded WebApplicationContext
2018-11-14 22:42:02.770  INFO 5500 --- [main] o.s.web.context.ContextLoader            : Root WebApplicationContext: initialization completed in 625 ms
2018-11-14 22:42:02.786  INFO 5500 --- [main] o.s.b.w.servlet.ServletRegistrationBean  : Servlet dispatcherServlet mapped to [/]
2018-11-14 22:42:02.786  INFO 5500 --- [main] o.s.b.w.servlet.FilterRegistrationBean   : Mapping filter: 'characterEncodingFilter' to: [/*]
2018-11-14 22:42:02.786  INFO 5500 --- [main] o.s.b.w.servlet.FilterRegistrationBean   : Mapping filter: 'hiddenHttpMethodFilter' to: [/*]
2018-11-14 22:42:02.786  INFO 5500 --- [main] o.s.b.w.servlet.FilterRegistrationBean   : Mapping filter: 'formContentFilter' to: [/*]
2018-11-14 22:42:02.786  INFO 5500 --- [main] o.s.b.w.servlet.FilterRegistrationBean   : Mapping filter: 'requestContextFilter' to: [/*]
2018-11-14 22:42:02.801  INFO 5500 --- [main] com.example.log.policy.InitClass         : ........................... init ............................
2018-11-14 22:42:02.880  INFO 5500 --- [main] o.s.s.concurrent.ThreadPoolTaskExecutor  : Initializing ExecutorService 'applicationTaskExecutor'
2018-11-14 22:42:02.973  INFO 5500 --- [main] o.s.b.w.embedded.tomcat.TomcatWebServer  : Tomcat started on port(s): 8080 (http) with context path ''
2018-11-14 22:42:02.973  INFO 5500 --- [main] com.example.log.LogApplication           : Started LogApplication in 1.078 seconds (JVM running for 1.609)
2018-11-14 22:45:20.768  INFO 4384 --- [main] com.example.log.LogApplication           : Starting LogApplication on Win-1807201245 with PID 4384 (D:\javapro\log\target\classes started by Administrator in D:\javapro\log)
2018-11-14 22:45:20.768 DEBUG 4384 --- [main] com.example.log.LogApplication           : Running with Spring Boot v2.1.0.RELEASE, Spring v5.1.2.RELEASE
2018-11-14 22:45:20.768  INFO 4384 --- [main] com.example.log.LogApplication           : No active profile set, falling back to default profiles: default
2018-11-14 22:45:21.284  INFO 4384 --- [main] o.s.b.w.embedded.tomcat.TomcatWebServer  : Tomcat initialized with port(s): 8080 (http)
2018-11-14 22:45:21.299  INFO 4384 --- [main] o.apache.catalina.core.StandardService   : Starting service [Tomcat]
2018-11-14 22:45:21.299  INFO 4384 --- [main] org.apache.catalina.core.StandardEngine  : Starting Servlet Engine: Apache Tomcat/9.0.12
2018-11-14 22:45:21.299  INFO 4384 --- [main] o.a.catalina.core.AprLifecycleListener   : The APR based Apache Tomcat Native library which allows optimal performance in production environments was not found on the java.library.path: [D:\javajdk\bin;C:\Windows\Sun\Java\bin;C:\Windows\system32;C:\Windows;C:\Program Files (x86)\Common Files\Oracle\Java\javapath;C:\Windows\system32;C:\Windows;C:\Windows\System32\Wbem;C:\Windows\System32\WindowsPowerShell\v1.0\;C:\Windows\System32\OpenSSH\;C:\Program Files (x86)\NVIDIA Corporation\PhysX\Common;";D:\javajdk\bin;D:\javajdk\jre\bin;";D:\software\Git\cmd;D:\sourcefile\apache-maven-3.5.4\bin;D:\sourcefile\apache-maven-3.5.4\bin;D:\software\GO\bin;C:\Users\Administrator\AppData\Local\Microsoft\WindowsApps;E:\goprog\bin;.]
2018-11-14 22:45:21.362  INFO 4384 --- [main] o.a.c.c.C.[Tomcat].[localhost].[/]       : Initializing Spring embedded WebApplicationContext
2018-11-14 22:45:21.362  INFO 4384 --- [main] o.s.web.context.ContextLoader            : Root WebApplicationContext: initialization completed in 578 ms
2018-11-14 22:45:21.377  INFO 4384 --- [main] o.s.b.w.servlet.ServletRegistrationBean  : Servlet dispatcherServlet mapped to [/]
2018-11-14 22:45:21.377  INFO 4384 --- [main] o.s.b.w.servlet.FilterRegistrationBean   : Mapping filter: 'characterEncodingFilter' to: [/*]
2018-11-14 22:45:21.377  INFO 4384 --- [main] o.s.b.w.servlet.FilterRegistrationBean   : Mapping filter: 'hiddenHttpMethodFilter' to: [/*]
2018-11-14 22:45:21.377  INFO 4384 --- [main] o.s.b.w.servlet.FilterRegistrationBean   : Mapping filter: 'formContentFilter' to: [/*]
2018-11-14 22:45:21.377  INFO 4384 --- [main] o.s.b.w.servlet.FilterRegistrationBean   : Mapping filter: 'requestContextFilter' to: [/*]
2018-11-14 22:45:21.393  INFO 4384 --- [main] com.example.log.policy.InitClass         : ........................... init ............................
2018-11-14 22:45:21.471  INFO 4384 --- [main] o.s.s.concurrent.ThreadPoolTaskExecutor  : Initializing ExecutorService 'applicationTaskExecutor'
2018-11-14 22:45:21.565  INFO 4384 --- [main] o.s.b.w.embedded.tomcat.TomcatWebServer  : Tomcat started on port(s): 8080 (http) with context path ''
2018-11-14 22:45:21.565  INFO 4384 --- [main] com.example.log.LogApplication           : Started LogApplication in 1.016 seconds (JVM running for 1.44)
2018-11-14 22:46:45.873  INFO 2548 --- [main] com.example.log.LogApplication           : Starting LogApplication on Win-1807201245 with PID 2548 (D:\javapro\log\target\classes started by Administrator in D:\javapro\log)
2018-11-14 22:46:45.873 DEBUG 2548 --- [main] com.example.log.LogApplication           : Running with Spring Boot v2.1.0.RELEASE, Spring v5.1.2.RELEASE
2018-11-14 22:46:45.873  INFO 2548 --- [main] com.example.log.LogApplication           : No active profile set, falling back to default profiles: default
2018-11-14 22:46:46.388  INFO 2548 --- [main] o.s.b.w.embedded.tomcat.TomcatWebServer  : Tomcat initialized with port(s): 8080 (http)
2018-11-14 22:46:46.404  INFO 2548 --- [main] o.apache.catalina.core.StandardService   : Starting service [Tomcat]
2018-11-14 22:46:46.404  INFO 2548 --- [main] org.apache.catalina.core.StandardEngine  : Starting Servlet Engine: Apache Tomcat/9.0.12
2018-11-14 22:46:46.404  INFO 2548 --- [main] o.a.catalina.core.AprLifecycleListener   : The APR based Apache Tomcat Native library which allows optimal performance in production environments was not found on the java.library.path: [D:\javajdk\bin;C:\Windows\Sun\Java\bin;C:\Windows\system32;C:\Windows;C:\Program Files (x86)\Common Files\Oracle\Java\javapath;C:\Windows\system32;C:\Windows;C:\Windows\System32\Wbem;C:\Windows\System32\WindowsPowerShell\v1.0\;C:\Windows\System32\OpenSSH\;C:\Program Files (x86)\NVIDIA Corporation\PhysX\Common;";D:\javajdk\bin;D:\javajdk\jre\bin;";D:\software\Git\cmd;D:\sourcefile\apache-maven-3.5.4\bin;D:\sourcefile\apache-maven-3.5.4\bin;D:\software\GO\bin;C:\Users\Administrator\AppData\Local\Microsoft\WindowsApps;E:\goprog\bin;.]
2018-11-14 22:46:46.467  INFO 2548 --- [main] o.a.c.c.C.[Tomcat].[localhost].[/]       : Initializing Spring embedded WebApplicationContext
2018-11-14 22:46:46.467  INFO 2548 --- [main] o.s.web.context.ContextLoader            : Root WebApplicationContext: initialization completed in 563 ms
2018-11-14 22:46:46.482  INFO 2548 --- [main] o.s.b.w.servlet.ServletRegistrationBean  : Servlet dispatcherServlet mapped to [/]
2018-11-14 22:46:46.482  INFO 2548 --- [main] o.s.b.w.servlet.FilterRegistrationBean   : Mapping filter: 'characterEncodingFilter' to: [/*]
2018-11-14 22:46:46.482  INFO 2548 --- [main] o.s.b.w.servlet.FilterRegistrationBean   : Mapping filter: 'hiddenHttpMethodFilter' to: [/*]
2018-11-14 22:46:46.482  INFO 2548 --- [main] o.s.b.w.servlet.FilterRegistrationBean   : Mapping filter: 'formContentFilter' to: [/*]
2018-11-14 22:46:46.482  INFO 2548 --- [main] o.s.b.w.servlet.FilterRegistrationBean   : Mapping filter: 'requestContextFilter' to: [/*]
2018-11-14 22:46:46.498  INFO 2548 --- [main] com.example.log.policy.InitClass         : ........................... init ............................
2018-11-14 22:46:46.592  INFO 2548 --- [main] o.s.s.concurrent.ThreadPoolTaskExecutor  : Initializing ExecutorService 'applicationTaskExecutor'
2018-11-14 22:46:46.670  INFO 2548 --- [main] o.s.b.w.embedded.tomcat.TomcatWebServer  : Tomcat started on port(s): 8080 (http) with context path ''
2018-11-14 22:46:46.670  INFO 2548 --- [main] com.example.log.LogApplication           : Started LogApplication in 0.985 seconds (JVM running for 1.433)
2018-11-14 22:54:51.055  INFO 9948 --- [main] com.example.log.LogApplication           : Starting LogApplication on Win-1807201245 with PID 9948 (D:\javapro\log\target\classes started by Administrator in D:\javapro\log)
2018-11-14 22:54:51.055 DEBUG 9948 --- [main] com.example.log.LogApplication           : Running with Spring Boot v2.1.0.RELEASE, Spring v5.1.2.RELEASE
2018-11-14 22:54:51.055  INFO 9948 --- [main] com.example.log.LogApplication           : No active profile set, falling back to default profiles: default
2018-11-14 22:54:51.602  INFO 9948 --- [main] o.s.b.w.embedded.tomcat.TomcatWebServer  : Tomcat initialized with port(s): 8080 (http)
2018-11-14 22:54:51.618  INFO 9948 --- [main] o.apache.catalina.core.StandardService   : Starting service [Tomcat]
2018-11-14 22:54:51.618  INFO 9948 --- [main] org.apache.catalina.core.StandardEngine  : Starting Servlet Engine: Apache Tomcat/9.0.12
2018-11-14 22:54:51.618  INFO 9948 --- [main] o.a.catalina.core.AprLifecycleListener   : The APR based Apache Tomcat Native library which allows optimal performance in production environments was not found on the java.library.path: [D:\javajdk\bin;C:\Windows\Sun\Java\bin;C:\Windows\system32;C:\Windows;C:\Program Files (x86)\Common Files\Oracle\Java\javapath;C:\Windows\system32;C:\Windows;C:\Windows\System32\Wbem;C:\Windows\System32\WindowsPowerShell\v1.0\;C:\Windows\System32\OpenSSH\;C:\Program Files (x86)\NVIDIA Corporation\PhysX\Common;";D:\javajdk\bin;D:\javajdk\jre\bin;";D:\software\Git\cmd;D:\sourcefile\apache-maven-3.5.4\bin;D:\sourcefile\apache-maven-3.5.4\bin;D:\software\GO\bin;C:\Users\Administrator\AppData\Local\Microsoft\WindowsApps;E:\goprog\bin;.]
2018-11-14 22:54:51.680  INFO 9948 --- [main] o.a.c.c.C.[Tomcat].[localhost].[/]       : Initializing Spring embedded WebApplicationContext
2018-11-14 22:54:51.680  INFO 9948 --- [main] o.s.web.context.ContextLoader            : Root WebApplicationContext: initialization completed in 594 ms
2018-11-14 22:54:51.696  INFO 9948 --- [main] o.s.b.w.servlet.ServletRegistrationBean  : Servlet dispatcherServlet mapped to [/]
2018-11-14 22:54:51.696  INFO 9948 --- [main] o.s.b.w.servlet.FilterRegistrationBean   : Mapping filter: 'characterEncodingFilter' to: [/*]
2018-11-14 22:54:51.696  INFO 9948 --- [main] o.s.b.w.servlet.FilterRegistrationBean   : Mapping filter: 'hiddenHttpMethodFilter' to: [/*]
2018-11-14 22:54:51.696  INFO 9948 --- [main] o.s.b.w.servlet.FilterRegistrationBean   : Mapping filter: 'formContentFilter' to: [/*]
2018-11-14 22:54:51.696  INFO 9948 --- [main] o.s.b.w.servlet.FilterRegistrationBean   : Mapping filter: 'requestContextFilter' to: [/*]
2018-11-14 22:54:51.711  INFO 9948 --- [main] com.example.log.policy.InitClass         : ........................... init ............................
2018-11-14 22:54:51.789  INFO 9948 --- [main] o.s.s.concurrent.ThreadPoolTaskExecutor  : Initializing ExecutorService 'applicationTaskExecutor'
2018-11-14 22:54:51.883  INFO 9948 --- [main] o.s.b.w.embedded.tomcat.TomcatWebServer  : Tomcat started on port(s): 8080 (http) with context path ''
2018-11-14 22:54:51.883  INFO 9948 --- [main] com.example.log.LogApplication           : Started LogApplication in 1.015 seconds (JVM running for 1.429)
2018-11-14 22:58:31.769  INFO 5332 --- [main] com.example.log.LogApplication           : Starting LogApplication on Win-1807201245 with PID 5332 (D:\javapro\log\target\classes started by Administrator in D:\javapro\log)
2018-11-14 22:58:31.785 DEBUG 5332 --- [main] com.example.log.LogApplication           : Running with Spring Boot v2.1.0.RELEASE, Spring v5.1.2.RELEASE
2018-11-14 22:58:31.785  INFO 5332 --- [main] com.example.log.LogApplication           : No active profile set, falling back to default profiles: default
2018-11-14 22:58:32.300  INFO 5332 --- [main] o.s.b.w.embedded.tomcat.TomcatWebServer  : Tomcat initialized with port(s): 8080 (http)
2018-11-14 22:58:32.300  INFO 5332 --- [main] o.apache.catalina.core.StandardService   : Starting service [Tomcat]
2018-11-14 22:58:32.300  INFO 5332 --- [main] org.apache.catalina.core.StandardEngine  : Starting Servlet Engine: Apache Tomcat/9.0.12
2018-11-14 22:58:32.316  INFO 5332 --- [main] o.a.catalina.core.AprLifecycleListener   : The APR based Apache Tomcat Native library which allows optimal performance in production environments was not found on the java.library.path: [D:\javajdk\bin;C:\Windows\Sun\Java\bin;C:\Windows\system32;C:\Windows;C:\Program Files (x86)\Common Files\Oracle\Java\javapath;C:\Windows\system32;C:\Windows;C:\Windows\System32\Wbem;C:\Windows\System32\WindowsPowerShell\v1.0\;C:\Windows\System32\OpenSSH\;C:\Program Files (x86)\NVIDIA Corporation\PhysX\Common;";D:\javajdk\bin;D:\javajdk\jre\bin;";D:\software\Git\cmd;D:\sourcefile\apache-maven-3.5.4\bin;D:\sourcefile\apache-maven-3.5.4\bin;D:\software\GO\bin;C:\Users\Administrator\AppData\Local\Microsoft\WindowsApps;E:\goprog\bin;.]
2018-11-14 22:58:32.363  INFO 5332 --- [main] o.a.c.c.C.[Tomcat].[localhost].[/]       : Initializing Spring embedded WebApplicationContext
2018-11-14 22:58:32.363  INFO 5332 --- [main] o.s.web.context.ContextLoader            : Root WebApplicationContext: initialization completed in 563 ms
2018-11-14 22:58:32.378  INFO 5332 --- [main] o.s.b.w.servlet.ServletRegistrationBean  : Servlet dispatcherServlet mapped to [/]
2018-11-14 22:58:32.378  INFO 5332 --- [main] o.s.b.w.servlet.FilterRegistrationBean   : Mapping filter: 'characterEncodingFilter' to: [/*]
2018-11-14 22:58:32.378  INFO 5332 --- [main] o.s.b.w.servlet.FilterRegistrationBean   : Mapping filter: 'hiddenHttpMethodFilter' to: [/*]
2018-11-14 22:58:32.378  INFO 5332 --- [main] o.s.b.w.servlet.FilterRegistrationBean   : Mapping filter: 'formContentFilter' to: [/*]
2018-11-14 22:58:32.378  INFO 5332 --- [main] o.s.b.w.servlet.FilterRegistrationBean   : Mapping filter: 'requestContextFilter' to: [/*]
2018-11-14 22:58:32.394  INFO 5332 --- [main] com.example.log.policy.InitClass         : ........................... init ............................
2018-11-14 22:58:32.488  INFO 5332 --- [main] o.s.s.concurrent.ThreadPoolTaskExecutor  : Initializing ExecutorService 'applicationTaskExecutor'
2018-11-14 22:58:32.566  INFO 5332 --- [main] o.s.b.w.embedded.tomcat.TomcatWebServer  : Tomcat started on port(s): 8080 (http) with context path ''
2018-11-14 22:58:32.566  INFO 5332 --- [main] com.example.log.LogApplication           : Started LogApplication in 0.969 seconds (JVM running for 1.386)
2018-11-14 23:02:07.340  INFO 9972 --- [main] com.example.log.LogApplication           : Starting LogApplication on Win-1807201245 with PID 9972 (D:\javapro\log\target\classes started by Administrator in D:\javapro\log)
2018-11-14 23:02:07.340 DEBUG 9972 --- [main] com.example.log.LogApplication           : Running with Spring Boot v2.1.0.RELEASE, Spring v5.1.2.RELEASE
2018-11-14 23:02:07.340  INFO 9972 --- [main] com.example.log.LogApplication           : No active profile set, falling back to default profiles: default
2018-11-14 23:02:07.902  INFO 9972 --- [main] o.s.b.w.embedded.tomcat.TomcatWebServer  : Tomcat initialized with port(s): 8080 (http)
2018-11-14 23:02:07.918  INFO 9972 --- [main] o.apache.catalina.core.StandardService   : Starting service [Tomcat]
2018-11-14 23:02:07.918  INFO 9972 --- [main] org.apache.catalina.core.StandardEngine  : Starting Servlet Engine: Apache Tomcat/9.0.12
2018-11-14 23:02:07.918  INFO 9972 --- [main] o.a.catalina.core.AprLifecycleListener   : The APR based Apache Tomcat Native library which allows optimal performance in production environments was not found on the java.library.path: [D:\javajdk\bin;C:\Windows\Sun\Java\bin;C:\Windows\system32;C:\Windows;C:\Program Files (x86)\Common Files\Oracle\Java\javapath;C:\Windows\system32;C:\Windows;C:\Windows\System32\Wbem;C:\Windows\System32\WindowsPowerShell\v1.0\;C:\Windows\System32\OpenSSH\;C:\Program Files (x86)\NVIDIA Corporation\PhysX\Common;";D:\javajdk\bin;D:\javajdk\jre\bin;";D:\software\Git\cmd;D:\sourcefile\apache-maven-3.5.4\bin;D:\sourcefile\apache-maven-3.5.4\bin;D:\software\GO\bin;C:\Users\Administrator\AppData\Local\Microsoft\WindowsApps;E:\goprog\bin;.]
2018-11-14 23:02:07.981  INFO 9972 --- [main] o.a.c.c.C.[Tomcat].[localhost].[/]       : Initializing Spring embedded WebApplicationContext
2018-11-14 23:02:07.981  INFO 9972 --- [main] o.s.web.context.ContextLoader            : Root WebApplicationContext: initialization completed in 625 ms
2018-11-14 23:02:07.981  INFO 9972 --- [main] o.s.b.w.servlet.ServletRegistrationBean  : Servlet dispatcherServlet mapped to [/]
2018-11-14 23:02:07.981  INFO 9972 --- [main] o.s.b.w.servlet.FilterRegistrationBean   : Mapping filter: 'characterEncodingFilter' to: [/*]
2018-11-14 23:02:07.981  INFO 9972 --- [main] o.s.b.w.servlet.FilterRegistrationBean   : Mapping filter: 'hiddenHttpMethodFilter' to: [/*]
2018-11-14 23:02:07.981  INFO 9972 --- [main] o.s.b.w.servlet.FilterRegistrationBean   : Mapping filter: 'formContentFilter' to: [/*]
2018-11-14 23:02:07.981  INFO 9972 --- [main] o.s.b.w.servlet.FilterRegistrationBean   : Mapping filter: 'requestContextFilter' to: [/*]
2018-11-14 23:02:07.996  INFO 9972 --- [main] com.example.log.policy.InitClass         : ........................... init ............................
2018-11-14 23:02:08.090  INFO 9972 --- [main] o.s.s.concurrent.ThreadPoolTaskExecutor  : Initializing ExecutorService 'applicationTaskExecutor'
2018-11-14 23:02:08.184  INFO 9972 --- [main] o.s.b.w.embedded.tomcat.TomcatWebServer  : Tomcat started on port(s): 8080 (http) with context path ''
2018-11-14 23:02:08.184  INFO 9972 --- [main] com.example.log.LogApplication           : Started LogApplication in 1.031 seconds (JVM running for 1.444)
2018-11-14 23:02:24.614  INFO 6012 --- [main] com.example.log.LogApplication           : Starting LogApplication on Win-1807201245 with PID 6012 (D:\javapro\log\target\classes started by Administrator in D:\javapro\log)
2018-11-14 23:02:24.614 DEBUG 6012 --- [main] com.example.log.LogApplication           : Running with Spring Boot v2.1.0.RELEASE, Spring v5.1.2.RELEASE
2018-11-14 23:02:24.614  INFO 6012 --- [main] com.example.log.LogApplication           : No active profile set, falling back to default profiles: default
2018-11-14 23:02:25.146  INFO 6012 --- [main] o.s.b.w.embedded.tomcat.TomcatWebServer  : Tomcat initialized with port(s): 8080 (http)
2018-11-14 23:02:25.161  INFO 6012 --- [main] o.apache.catalina.core.StandardService   : Starting service [Tomcat]
2018-11-14 23:02:25.161  INFO 6012 --- [main] org.apache.catalina.core.StandardEngine  : Starting Servlet Engine: Apache Tomcat/9.0.12
2018-11-14 23:02:25.161  INFO 6012 --- [main] o.a.catalina.core.AprLifecycleListener   : The APR based Apache Tomcat Native library which allows optimal performance in production environments was not found on the java.library.path: [D:\javajdk\bin;C:\Windows\Sun\Java\bin;C:\Windows\system32;C:\Windows;C:\Program Files (x86)\Common Files\Oracle\Java\javapath;C:\Windows\system32;C:\Windows;C:\Windows\System32\Wbem;C:\Windows\System32\WindowsPowerShell\v1.0\;C:\Windows\System32\OpenSSH\;C:\Program Files (x86)\NVIDIA Corporation\PhysX\Common;";D:\javajdk\bin;D:\javajdk\jre\bin;";D:\software\Git\cmd;D:\sourcefile\apache-maven-3.5.4\bin;D:\sourcefile\apache-maven-3.5.4\bin;D:\software\GO\bin;C:\Users\Administrator\AppData\Local\Microsoft\WindowsApps;E:\goprog\bin;.]
2018-11-14 23:02:25.208  INFO 6012 --- [main] o.a.c.c.C.[Tomcat].[localhost].[/]       : Initializing Spring embedded WebApplicationContext
2018-11-14 23:02:25.208  INFO 6012 --- [main] o.s.web.context.ContextLoader            : Root WebApplicationContext: initialization completed in 578 ms
2018-11-14 23:02:25.224  INFO 6012 --- [main] o.s.b.w.servlet.ServletRegistrationBean  : Servlet dispatcherServlet mapped to [/]
2018-11-14 23:02:25.224  INFO 6012 --- [main] o.s.b.w.servlet.FilterRegistrationBean   : Mapping filter: 'characterEncodingFilter' to: [/*]
2018-11-14 23:02:25.224  INFO 6012 --- [main] o.s.b.w.servlet.FilterRegistrationBean   : Mapping filter: 'hiddenHttpMethodFilter' to: [/*]
2018-11-14 23:02:25.224  INFO 6012 --- [main] o.s.b.w.servlet.FilterRegistrationBean   : Mapping filter: 'formContentFilter' to: [/*]
2018-11-14 23:02:25.224  INFO 6012 --- [main] o.s.b.w.servlet.FilterRegistrationBean   : Mapping filter: 'requestContextFilter' to: [/*]
2018-11-14 23:02:25.239  INFO 6012 --- [main] com.example.log.policy.InitClass         : ........................... init ............................
2018-11-14 23:02:25.333  INFO 6012 --- [main] o.s.s.concurrent.ThreadPoolTaskExecutor  : Initializing ExecutorService 'applicationTaskExecutor'
2018-11-14 23:02:25.411  INFO 6012 --- [main] o.s.b.w.embedded.tomcat.TomcatWebServer  : Tomcat started on port(s): 8080 (http) with context path ''
2018-11-14 23:02:25.427  INFO 6012 --- [main] com.example.log.LogApplication           : Started LogApplication in 1.063 seconds (JVM running for 1.483)
